# JRE version: Java(TM) SE Runtime Environment (8.0_45-b14) (build 1.8.0_45-b14)
# Java VM: Java HotSpot(TM) 64-Bit Server VM (25.45-b02 mixed mode bsd-amd64 compressed oops)
Heap:
 PSYoungGen      total 118784K, used 30815K [0x00000007aab00000, 0x00000007bfc80000, 0x00000007c0000000)
  eden space 118272K, 26% used [0x00000007aab00000,0x00000007ac907c40,0x00000007b1e80000)
  from space 512K, 12% used [0x00000007bfc00000,0x00000007bfc10000,0x00000007bfc80000)
  to   space 512K, 0% used [0x00000007bfb80000,0x00000007bfb80000,0x00000007bfc00000)
 ParOldGen       total 44032K, used 760K [0x0000000780000000, 0x0000000782b00000, 0x00000007aab00000)
  object space 44032K, 1% used [0x0000000780000000,0x00000007800be070,0x0000000782b00000)
 Metaspace       used 3023K, capacity 4600K, committed 4864K, reserved 1056768K
  class space    used 319K, capacity 424K, committed 512K, reserved 1048576K
GC Heap History (10 events):
Event: 5.552 GC heap before
{Heap before GC invocations=72 (full 0):
 PSYoungGen      total 147456K, used 147008K [0x00000007aab00000, 0x00000007bfc80000, 0x00000007c0000000)
  eden space 146944K, 100% used [0x00000007aab00000,0x00000007b3a80000,0x00000007b3a80000)
  from space 512K, 12% used [0x00000007bfb80000,0x00000007bfb90000,0x00000007bfc00000)
  to   space 512K, 0% used [0x00000007bfc00000,0x00000007bfc00000,0x00000007bfc80000)
 ParOldGen       total 44032K, used 760K [0x0000000780000000, 0x0000000782b00000, 0x00000007aab00000)
  object space 44032K, 1% used [0x0000000780000000,0x00000007800be070,0x0000000782b00000)
 Metaspace       used 2870K, capacity 4564K, committed 4864K, reserved 1056768K
  class space    used 305K, capacity 388K, committed 512K, reserved 1048576K
Event: 5.552 GC heap after
Heap after GC invocations=72 (full 0):
 PSYoungGen      total 141312K, used 64K [0x00000007aab00000, 0x00000007bfc80000, 0x00000007c0000000)
  eden space 140800K, 0% used [0x00000007aab00000,0x00000007aab00000,0x00000007b3480000)
  from space 512K, 12% used [0x00000007bfc00000,0x00000007bfc10000,0x00000007bfc80000)
  to   space 512K, 0% used [0x00000007bfb80000,0x00000007bfb80000,0x00000007bfc00000)
 ParOldGen       total 44032K, used 760K [0x0000000780000000, 0x0000000782b00000, 0x00000007aab00000)
  object space 44032K, 1% used [0x0000000780000000,0x00000007800be070,0x0000000782b00000)
 Metaspace       used 2870K, capacity 4564K, committed 4864K, reserved 1056768K
  class space    used 305K, capacity 388K, committed 512K, reserved 1048576K
}
Event: 5.614 GC heap before
{Heap before GC invocations=73 (full 0):
 PSYoungGen      total 141312K, used 140864K [0x00000007aab00000, 0x00000007bfc80000, 0x00000007c0000000)
  eden space 140800K, 100% used [0x00000007aab00000,0x00000007b3480000,0x00000007b3480000)
  from space 512K, 12% used [0x00000007bfc00000,0x00000007bfc10000,0x00000007bfc80000)
  to   space 512K, 0% used [0x00000007bfb80000,0x00000007bfb80000,0x00000007bfc00000)
 ParOldGen       total 44032K, used 760K [0x0000000780000000, 0x0000000782b00000, 0x00000007aab00000)
  object space 44032K, 1% used [0x0000000780000000,0x00000007800be070,0x0000000782b00000)
 Metaspace       used 2870K, capacity 4564K, committed 4864K, reserved 1056768K
  class space    used 305K, capacity 388K, committed 512K, reserved 1048576K
Event: 5.614 GC heap after
Heap after GC invocations=73 (full 0):
 PSYoungGen      total 135168K, used 32K [0x00000007aab00000, 0x00000007bfc80000, 0x00000007c0000000)
  eden space 134656K, 0% used [0x00000007aab00000,0x00000007aab00000,0x00000007b2e80000)
  from space 512K, 6% used [0x00000007bfb80000,0x00000007bfb88000,0x00000007bfc00000)
  to   space 512K, 0% used [0x00000007bfc00000,0x00000007bfc00000,0x00000007bfc80000)
 ParOldGen       total 44032K, used 760K [0x0000000780000000, 0x0000000782b00000, 0x00000007aab00000)
  object space 44032K, 1% used [0x0000000780000000,0x00000007800be070,0x0000000782b00000)
 Metaspace       used 2870K, capacity 4564K, committed 4864K, reserved 1056768K
  class space    used 305K, capacity 388K, committed 512K, reserved 1048576K
}
Event: 5.666 GC heap before
{Heap before GC invocations=74 (full 0):
 PSYoungGen      total 135168K, used 134687K [0x00000007aab00000, 0x00000007bfc80000, 0x00000007c0000000)
  eden space 134656K, 99% used [0x00000007aab00000,0x00000007b2e7fff0,0x00000007b2e80000)
  from space 512K, 6% used [0x00000007bfb80000,0x00000007bfb88000,0x00000007bfc00000)
  to   space 512K, 0% used [0x00000007bfc00000,0x00000007bfc00000,0x00000007bfc80000)
 ParOldGen       total 44032K, used 760K [0x0000000780000000, 0x0000000782b00000, 0x00000007aab00000)
  object space 44032K, 1% used [0x0000000780000000,0x00000007800be070,0x0000000782b00000)
 Metaspace       used 2870K, capacity 4564K, committed 4864K, reserved 1056768K
  class space    used 305K, capacity 388K, committed 512K, reserved 1048576K
Event: 5.666 GC heap after
Heap after GC invocations=74 (full 0):
 PSYoungGen      total 129536K, used 32K [0x00000007aab00000, 0x00000007bfc80000, 0x00000007c0000000)
  eden space 129024K, 0% used [0x00000007aab00000,0x00000007aab00000,0x00000007b2900000)
  from space 512K, 6% used [0x00000007bfc00000,0x00000007bfc08000,0x00000007bfc80000)
  to   space 512K, 0% used [0x00000007bfb80000,0x00000007bfb80000,0x00000007bfc00000)
 ParOldGen       total 44032K, used 760K [0x0000000780000000, 0x0000000782b00000, 0x00000007aab00000)
  object space 44032K, 1% used [0x0000000780000000,0x00000007800be070,0x0000000782b00000)
 Metaspace       used 2870K, capacity 4564K, committed 4864K, reserved 1056768K
  class space    used 305K, capacity 388K, committed 512K, reserved 1048576K
}
Event: 5.719 GC heap before
{Heap before GC invocations=75 (full 0):
 PSYoungGen      total 129536K, used 129056K [0x00000007aab00000, 0x00000007bfc80000, 0x00000007c0000000)
  eden space 129024K, 100% used [0x00000007aab00000,0x00000007b2900000,0x00000007b2900000)
  from space 512K, 6% used [0x00000007bfc00000,0x00000007bfc08000,0x00000007bfc80000)
  to   space 512K, 0% used [0x00000007bfb80000,0x00000007bfb80000,0x00000007bfc00000)
 ParOldGen       total 44032K, used 760K [0x0000000780000000, 0x0000000782b00000, 0x00000007aab00000)
  object space 44032K, 1% used [0x0000000780000000,0x00000007800be070,0x0000000782b00000)
 Metaspace       used 2870K, capacity 4564K, committed 4864K, reserved 1056768K
  class space    used 305K, capacity 388K, committed 512K, reserved 1048576K
Event: 5.720 GC heap after
Heap after GC invocations=75 (full 0):
 PSYoungGen      total 123904K, used 32K [0x00000007aab00000, 0x00000007bfc80000, 0x00000007c0000000)
  eden space 123392K, 0% used [0x00000007aab00000,0x00000007aab00000,0x00000007b2380000)
  from space 512K, 6% used [0x00000007bfb80000,0x00000007bfb88000,0x00000007bfc00000)
  to   space 512K, 0% used [0x00000007bfc00000,0x00000007bfc00000,0x00000007bfc80000)
 ParOldGen       total 44032K, used 760K [0x0000000780000000, 0x0000000782b00000, 0x00000007aab00000)
  object space 44032K, 1% used [0x0000000780000000,0x00000007800be070,0x0000000782b00000)
 Metaspace       used 2870K, capacity 4564K, committed 4864K, reserved 1056768K
  class space    used 305K, capacity 388K, committed 512K, reserved 1048576K
}
Event: 5.767 GC heap before
{Heap before GC invocations=76 (full 0):
 PSYoungGen      total 123904K, used 123424K [0x00000007aab00000, 0x00000007bfc80000, 0x00000007c0000000)
  eden space 123392K, 100% used [0x00000007aab00000,0x00000007b2380000,0x00000007b2380000)
  from space 512K, 6% used [0x00000007bfb80000,0x00000007bfb88000,0x00000007bfc00000)
  to   space 512K, 0% used [0x00000007bfc00000,0x00000007bfc00000,0x00000007bfc80000)
 ParOldGen       total 44032K, used 760K [0x0000000780000000, 0x0000000782b00000, 0x00000007aab00000)
  object space 44032K, 1% used [0x0000000780000000,0x00000007800be070,0x0000000782b00000)
 Metaspace       used 2870K, capacity 4564K, committed 4864K, reserved 1056768K
  class space    used 305K, capacity 388K, committed 512K, reserved 1048576K
Event: 5.767 GC heap after
Heap after GC invocations=76 (full 0):
 PSYoungGen      total 118784K, used 64K [0x00000007aab00000, 0x00000007bfc80000, 0x00000007c0000000)
  eden space 118272K, 0% used [0x00000007aab00000,0x00000007aab00000,0x00000007b1e80000)
  from space 512K, 12% used [0x00000007bfc00000,0x00000007bfc10000,0x00000007bfc80000)
  to   space 512K, 0% used [0x00000007bfb80000,0x00000007bfb80000,0x00000007bfc00000)
 ParOldGen       total 44032K, used 760K [0x0000000780000000, 0x0000000782b00000, 0x00000007aab00000)
  object space 44032K, 1% used [0x0000000780000000,0x00000007800be070,0x0000000782b00000)
 Metaspace       used 2870K, capacity 4564K, committed 4864K, reserved 1056768K
  class space    used 305K, capacity 388K, committed 512K, reserved 1048576K
}

